<?xml version="1.0" encoding="UTF-8"?>
<coverage generated="1758702264914" clover="3.2.0">
  <project timestamp="1758702264914" name="All files">
    <metrics statements="21" coveredstatements="21" conditionals="15" coveredconditionals="11" methods="5" coveredmethods="5" elements="41" coveredelements="37" complexity="0" loc="21" ncloc="21" packages="1" files="1" classes="1"/>
    <file name="cart.js" path="C:\dev\3WA\tdd\src\cart.js">
      <metrics statements="21" coveredstatements="21" conditionals="15" coveredconditionals="11" methods="5" coveredmethods="5"/>
      <line num="3" count="6" type="stmt"/>
      <line num="4" count="6" type="stmt"/>
      <line num="5" count="6" type="stmt"/>
      <line num="6" count="6" type="stmt"/>
      <line num="10" count="7" type="cond" truecount="1" falsecount="1"/>
      <line num="11" count="7" type="cond" truecount="4" falsecount="0"/>
      <line num="12" count="1" type="stmt"/>
      <line num="14" count="6" type="stmt"/>
      <line num="15" count="6" type="stmt"/>
      <line num="16" count="6" type="cond" truecount="2" falsecount="0"/>
      <line num="17" count="6" type="stmt"/>
      <line num="18" count="6" type="stmt"/>
      <line num="22" count="2" type="cond" truecount="1" falsecount="1"/>
      <line num="23" count="2" type="cond" truecount="1" falsecount="1"/>
      <line num="24" count="2" type="cond" truecount="2" falsecount="0"/>
      <line num="26" count="1" type="stmt"/>
      <line num="27" count="1" type="stmt"/>
      <line num="28" count="1" type="stmt"/>
      <line num="32" count="1" type="stmt"/>
      <line num="33" count="1" type="stmt"/>
      <line num="38" count="2" type="stmt"/>
    </file>
  </project>
</coverage>
