{"C:\\dev\\3WA\\tdd\\src\\cart.js": {"path":"C:\\dev\\3WA\\tdd\\src\\cart.js","statementMap":{"0":{"start":{"line":1,"column":40},"end":{"line":1,"column":56}},"1":{"start":{"line":5,"column":4},"end":{"line":5,"column":27}},"2":{"start":{"line":6,"column":4},"end":{"line":6,"column":22}},"3":{"start":{"line":7,"column":4},"end":{"line":7,"column":28}},"4":{"start":{"line":8,"column":4},"end":{"line":8,"column":31}},"5":{"start":{"line":12,"column":4},"end":{"line":12,"column":61}},"6":{"start":{"line":12,"column":22},"end":{"line":12,"column":61}},"7":{"start":{"line":13,"column":4},"end":{"line":14,"column":42}},"8":{"start":{"line":14,"column":6},"end":{"line":14,"column":42}},"9":{"start":{"line":16,"column":16},"end":{"line":16,"column":26}},"10":{"start":{"line":17,"column":20},"end":{"line":17,"column":39}},"11":{"start":{"line":18,"column":25},"end":{"line":18,"column":60}},"12":{"start":{"line":19,"column":4},"end":{"line":19,"column":61}},"13":{"start":{"line":20,"column":4},"end":{"line":20,"column":27}},"14":{"start":{"line":24,"column":4},"end":{"line":24,"column":74}},"15":{"start":{"line":24,"column":36},"end":{"line":24,"column":74}},"16":{"start":{"line":25,"column":4},"end":{"line":25,"column":73}},"17":{"start":{"line":25,"column":37},"end":{"line":25,"column":73}},"18":{"start":{"line":26,"column":4},"end":{"line":26,"column":59}},"19":{"start":{"line":26,"column":23},"end":{"line":26,"column":59}},"20":{"start":{"line":28,"column":24},"end":{"line":28,"column":49}},"21":{"start":{"line":29,"column":4},"end":{"line":29,"column":53}},"22":{"start":{"line":30,"column":4},"end":{"line":30,"column":27}},"23":{"start":{"line":34,"column":4},"end":{"line":34,"column":33}},"24":{"start":{"line":35,"column":4},"end":{"line":35,"column":27}},"25":{"start":{"line":39,"column":23},"end":{"line":39,"column":46}},"26":{"start":{"line":40,"column":23},"end":{"line":43,"column":5}},"27":{"start":{"line":41,"column":25},"end":{"line":41,"column":51}},"28":{"start":{"line":44,"column":20},"end":{"line":44,"column":56}},"29":{"start":{"line":45,"column":25},"end":{"line":45,"column":61}},"30":{"start":{"line":46,"column":4},"end":{"line":46,"column":48}},"31":{"start":{"line":52,"column":14},"end":{"line":52,"column":15}},"32":{"start":{"line":53,"column":4},"end":{"line":55,"column":5}},"33":{"start":{"line":54,"column":6},"end":{"line":54,"column":38}},"34":{"start":{"line":56,"column":4},"end":{"line":56,"column":15}},"35":{"start":{"line":59,"column":0},"end":{"line":59,"column":22}}},"fnMap":{"0":{"name":"(anonymous_0)","decl":{"start":{"line":4,"column":2},"end":{"line":4,"column":3}},"loc":{"start":{"line":4,"column":16},"end":{"line":9,"column":3}},"line":4},"1":{"name":"(anonymous_1)","decl":{"start":{"line":11,"column":2},"end":{"line":11,"column":3}},"loc":{"start":{"line":11,"column":29},"end":{"line":21,"column":3}},"line":11},"2":{"name":"(anonymous_2)","decl":{"start":{"line":23,"column":2},"end":{"line":23,"column":3}},"loc":{"start":{"line":23,"column":38},"end":{"line":31,"column":3}},"line":23},"3":{"name":"(anonymous_3)","decl":{"start":{"line":33,"column":2},"end":{"line":33,"column":3}},"loc":{"start":{"line":33,"column":20},"end":{"line":36,"column":3}},"line":33},"4":{"name":"(anonymous_4)","decl":{"start":{"line":38,"column":2},"end":{"line":38,"column":3}},"loc":{"start":{"line":38,"column":25},"end":{"line":47,"column":3}},"line":38},"5":{"name":"(anonymous_5)","decl":{"start":{"line":41,"column":6},"end":{"line":41,"column":7}},"loc":{"start":{"line":41,"column":25},"end":{"line":41,"column":51}},"line":41},"6":{"name":"(anonymous_6)","decl":{"start":{"line":49,"column":2},"end":{"line":49,"column":3}},"loc":{"start":{"line":49,"column":20},"end":{"line":49,"column":22}},"line":49},"7":{"name":"(anonymous_7)","decl":{"start":{"line":51,"column":2},"end":{"line":51,"column":3}},"loc":{"start":{"line":51,"column":21},"end":{"line":57,"column":3}},"line":51}},"branchMap":{"0":{"loc":{"start":{"line":11,"column":15},"end":{"line":11,"column":27}},"type":"default-arg","locations":[{"start":{"line":11,"column":26},"end":{"line":11,"column":27}}],"line":11},"1":{"loc":{"start":{"line":12,"column":4},"end":{"line":12,"column":61}},"type":"if","locations":[{"start":{"line":12,"column":4},"end":{"line":12,"column":61}},{"start":{},"end":{}}],"line":12},"2":{"loc":{"start":{"line":13,"column":4},"end":{"line":14,"column":42}},"type":"if","locations":[{"start":{"line":13,"column":4},"end":{"line":14,"column":42}},{"start":{},"end":{}}],"line":13},"3":{"loc":{"start":{"line":13,"column":8},"end":{"line":13,"column":52}},"type":"binary-expr","locations":[{"start":{"line":13,"column":8},"end":{"line":13,"column":35}},{"start":{"line":13,"column":39},"end":{"line":13,"column":52}}],"line":13},"4":{"loc":{"start":{"line":18,"column":26},"end":{"line":18,"column":48}},"type":"binary-expr","locations":[{"start":{"line":18,"column":26},"end":{"line":18,"column":43}},{"start":{"line":18,"column":47},"end":{"line":18,"column":48}}],"line":18},"5":{"loc":{"start":{"line":24,"column":4},"end":{"line":24,"column":74}},"type":"if","locations":[{"start":{"line":24,"column":4},"end":{"line":24,"column":74}},{"start":{},"end":{}}],"line":24},"6":{"loc":{"start":{"line":25,"column":4},"end":{"line":25,"column":73}},"type":"if","locations":[{"start":{"line":25,"column":4},"end":{"line":25,"column":73}},{"start":{},"end":{}}],"line":25},"7":{"loc":{"start":{"line":26,"column":4},"end":{"line":26,"column":59}},"type":"if","locations":[{"start":{"line":26,"column":4},"end":{"line":26,"column":59}},{"start":{},"end":{}}],"line":26},"8":{"loc":{"start":{"line":38,"column":9},"end":{"line":38,"column":23}},"type":"default-arg","locations":[{"start":{"line":38,"column":21},"end":{"line":38,"column":23}}],"line":38}},"s":{"0":3,"1":7,"2":7,"3":7,"4":7,"5":9,"6":0,"7":9,"8":1,"9":8,"10":8,"11":8,"12":8,"13":8,"14":2,"15":0,"16":2,"17":0,"18":2,"19":1,"20":1,"21":1,"22":1,"23":1,"24":1,"25":1,"26":1,"27":0,"28":1,"29":1,"30":1,"31":1,"32":1,"33":2,"34":1,"35":3},"f":{"0":7,"1":9,"2":2,"3":1,"4":1,"5":0,"6":10,"7":1},"b":{"0":[0],"1":[0,9],"2":[1,8],"3":[9,9],"4":[8,7],"5":[0,2],"6":[0,2],"7":[1,1],"8":[1]},"_coverageSchema":"1a1c01bbd47fc00a2c39e90264f33305004495a9","hash":"57a41f5d5aa859af2c4162c1e5298382740baae1"}
,"C:\\dev\\3WA\\tdd\\src\\vat.js": {"path":"C:\\dev\\3WA\\tdd\\src\\vat.js","statementMap":{"0":{"start":{"line":1,"column":24},"end":{"line":1,"column":27}},"1":{"start":{"line":4,"column":14},"end":{"line":4,"column":29}},"2":{"start":{"line":5,"column":14},"end":{"line":5,"column":28}},"3":{"start":{"line":6,"column":2},"end":{"line":6,"column":42}},"4":{"start":{"line":9,"column":0},"end":{"line":9,"column":49}}},"fnMap":{"0":{"name":"computeVAT","decl":{"start":{"line":3,"column":9},"end":{"line":3,"column":19}},"loc":{"start":{"line":3,"column":54},"end":{"line":7,"column":1}},"line":3}},"branchMap":{"0":{"loc":{"start":{"line":3,"column":30},"end":{"line":3,"column":52}},"type":"default-arg","locations":[{"start":{"line":3,"column":37},"end":{"line":3,"column":52}}],"line":3}},"s":{"0":3,"1":2,"2":2,"3":2,"4":3},"f":{"0":2},"b":{"0":[0]},"_coverageSchema":"1a1c01bbd47fc00a2c39e90264f33305004495a9","hash":"c973924a48e66dc781fd1088741b0ef2da937722"}
}
