{"C:\\dev\\3WA\\tdd\\src\\cart.js": {"path":"C:\\dev\\3WA\\tdd\\src\\cart.js","statementMap":{"0":{"start":{"line":1,"column":23},"end":{"line":1,"column":39}},"1":{"start":{"line":5,"column":4},"end":{"line":5,"column":27}},"2":{"start":{"line":6,"column":4},"end":{"line":6,"column":22}},"3":{"start":{"line":7,"column":4},"end":{"line":7,"column":28}},"4":{"start":{"line":8,"column":4},"end":{"line":8,"column":31}},"5":{"start":{"line":12,"column":4},"end":{"line":12,"column":58}},"6":{"start":{"line":12,"column":22},"end":{"line":12,"column":58}},"7":{"start":{"line":13,"column":4},"end":{"line":14,"column":43}},"8":{"start":{"line":14,"column":6},"end":{"line":14,"column":43}},"9":{"start":{"line":16,"column":16},"end":{"line":16,"column":26}},"10":{"start":{"line":17,"column":20},"end":{"line":17,"column":39}},"11":{"start":{"line":18,"column":25},"end":{"line":18,"column":60}},"12":{"start":{"line":19,"column":4},"end":{"line":19,"column":61}},"13":{"start":{"line":20,"column":4},"end":{"line":20,"column":27}},"14":{"start":{"line":24,"column":4},"end":{"line":24,"column":71}},"15":{"start":{"line":24,"column":36},"end":{"line":24,"column":71}},"16":{"start":{"line":25,"column":4},"end":{"line":25,"column":74}},"17":{"start":{"line":25,"column":37},"end":{"line":25,"column":74}},"18":{"start":{"line":26,"column":4},"end":{"line":26,"column":59}},"19":{"start":{"line":26,"column":23},"end":{"line":26,"column":59}},"20":{"start":{"line":28,"column":24},"end":{"line":28,"column":49}},"21":{"start":{"line":29,"column":4},"end":{"line":29,"column":53}},"22":{"start":{"line":30,"column":4},"end":{"line":30,"column":27}},"23":{"start":{"line":34,"column":4},"end":{"line":34,"column":33}},"24":{"start":{"line":35,"column":4},"end":{"line":35,"column":27}},"25":{"start":{"line":39,"column":23},"end":{"line":39,"column":46}},"26":{"start":{"line":40,"column":23},"end":{"line":43,"column":5}},"27":{"start":{"line":41,"column":25},"end":{"line":41,"column":51}},"28":{"start":{"line":44,"column":20},"end":{"line":44,"column":56}},"29":{"start":{"line":45,"column":29},"end":{"line":45,"column":48}},"30":{"start":{"line":46,"column":4},"end":{"line":46,"column":52}},"31":{"start":{"line":52,"column":14},"end":{"line":52,"column":15}},"32":{"start":{"line":53,"column":4},"end":{"line":55,"column":5}},"33":{"start":{"line":54,"column":6},"end":{"line":54,"column":38}},"34":{"start":{"line":56,"column":4},"end":{"line":56,"column":15}},"35":{"start":{"line":59,"column":0},"end":{"line":59,"column":22}}},"fnMap":{"0":{"name":"(anonymous_0)","decl":{"start":{"line":4,"column":2},"end":{"line":4,"column":3}},"loc":{"start":{"line":4,"column":16},"end":{"line":9,"column":3}},"line":4},"1":{"name":"(anonymous_1)","decl":{"start":{"line":11,"column":2},"end":{"line":11,"column":3}},"loc":{"start":{"line":11,"column":29},"end":{"line":21,"column":3}},"line":11},"2":{"name":"(anonymous_2)","decl":{"start":{"line":23,"column":2},"end":{"line":23,"column":3}},"loc":{"start":{"line":23,"column":38},"end":{"line":31,"column":3}},"line":23},"3":{"name":"(anonymous_3)","decl":{"start":{"line":33,"column":2},"end":{"line":33,"column":3}},"loc":{"start":{"line":33,"column":20},"end":{"line":36,"column":3}},"line":33},"4":{"name":"(anonymous_4)","decl":{"start":{"line":38,"column":2},"end":{"line":38,"column":3}},"loc":{"start":{"line":38,"column":25},"end":{"line":47,"column":3}},"line":38},"5":{"name":"(anonymous_5)","decl":{"start":{"line":41,"column":6},"end":{"line":41,"column":7}},"loc":{"start":{"line":41,"column":25},"end":{"line":41,"column":51}},"line":41},"6":{"name":"(anonymous_6)","decl":{"start":{"line":49,"column":2},"end":{"line":49,"column":3}},"loc":{"start":{"line":49,"column":20},"end":{"line":49,"column":22}},"line":49},"7":{"name":"(anonymous_7)","decl":{"start":{"line":51,"column":2},"end":{"line":51,"column":3}},"loc":{"start":{"line":51,"column":21},"end":{"line":57,"column":3}},"line":51}},"branchMap":{"0":{"loc":{"start":{"line":11,"column":15},"end":{"line":11,"column":27}},"type":"default-arg","locations":[{"start":{"line":11,"column":26},"end":{"line":11,"column":27}}],"line":11},"1":{"loc":{"start":{"line":12,"column":4},"end":{"line":12,"column":58}},"type":"if","locations":[{"start":{"line":12,"column":4},"end":{"line":12,"column":58}},{"start":{},"end":{}}],"line":12},"2":{"loc":{"start":{"line":13,"column":4},"end":{"line":14,"column":43}},"type":"if","locations":[{"start":{"line":13,"column":4},"end":{"line":14,"column":43}},{"start":{},"end":{}}],"line":13},"3":{"loc":{"start":{"line":13,"column":8},"end":{"line":13,"column":52}},"type":"binary-expr","locations":[{"start":{"line":13,"column":8},"end":{"line":13,"column":35}},{"start":{"line":13,"column":39},"end":{"line":13,"column":52}}],"line":13},"4":{"loc":{"start":{"line":18,"column":26},"end":{"line":18,"column":48}},"type":"binary-expr","locations":[{"start":{"line":18,"column":26},"end":{"line":18,"column":43}},{"start":{"line":18,"column":47},"end":{"line":18,"column":48}}],"line":18},"5":{"loc":{"start":{"line":24,"column":4},"end":{"line":24,"column":71}},"type":"if","locations":[{"start":{"line":24,"column":4},"end":{"line":24,"column":71}},{"start":{},"end":{}}],"line":24},"6":{"loc":{"start":{"line":25,"column":4},"end":{"line":25,"column":74}},"type":"if","locations":[{"start":{"line":25,"column":4},"end":{"line":25,"column":74}},{"start":{},"end":{}}],"line":25},"7":{"loc":{"start":{"line":26,"column":4},"end":{"line":26,"column":59}},"type":"if","locations":[{"start":{"line":26,"column":4},"end":{"line":26,"column":59}},{"start":{},"end":{}}],"line":26},"8":{"loc":{"start":{"line":38,"column":9},"end":{"line":38,"column":23}},"type":"default-arg","locations":[{"start":{"line":38,"column":21},"end":{"line":38,"column":23}}],"line":38}},"s":{"0":5,"1":20,"2":20,"3":20,"4":20,"5":19,"6":1,"7":18,"8":1,"9":17,"10":17,"11":17,"12":17,"13":17,"14":3,"15":1,"16":2,"17":0,"18":2,"19":1,"20":1,"21":1,"22":1,"23":1,"24":1,"25":8,"26":8,"27":6,"28":8,"29":8,"30":8,"31":8,"32":8,"33":9,"34":8,"35":5},"f":{"0":20,"1":19,"2":3,"3":1,"4":8,"5":6,"6":19,"7":8},"b":{"0":[0],"1":[1,18],"2":[1,17],"3":[18,18],"4":[17,16],"5":[1,2],"6":[0,2],"7":[1,1],"8":[2]},"_coverageSchema":"1a1c01bbd47fc00a2c39e90264f33305004495a9","hash":"2be3c37a91d001eca9896705e2a6f1c6ce9ce835"}
,"C:\\dev\\3WA\\tdd\\src\\discounts.js": {"path":"C:\\dev\\3WA\\tdd\\src\\discounts.js","statementMap":{"0":{"start":{"line":2,"column":2},"end":{"line":6,"column":4}},"1":{"start":{"line":3,"column":4},"end":{"line":3,"column":47}},"2":{"start":{"line":3,"column":38},"end":{"line":3,"column":47}},"3":{"start":{"line":4,"column":4},"end":{"line":4,"column":52}},"4":{"start":{"line":4,"column":43},"end":{"line":4,"column":52}},"5":{"start":{"line":5,"column":4},"end":{"line":5,"column":33}},"6":{"start":{"line":10,"column":2},"end":{"line":14,"column":4}},"7":{"start":{"line":11,"column":4},"end":{"line":11,"column":47}},"8":{"start":{"line":11,"column":38},"end":{"line":11,"column":47}},"9":{"start":{"line":12,"column":4},"end":{"line":12,"column":52}},"10":{"start":{"line":12,"column":43},"end":{"line":12,"column":52}},"11":{"start":{"line":13,"column":4},"end":{"line":13,"column":37}},"12":{"start":{"line":16,"column":0},"end":{"line":16,"column":42}}},"fnMap":{"0":{"name":"percentOff","decl":{"start":{"line":1,"column":9},"end":{"line":1,"column":19}},"loc":{"start":{"line":1,"column":63},"end":{"line":7,"column":1}},"line":1},"1":{"name":"(anonymous_1)","decl":{"start":{"line":2,"column":9},"end":{"line":2,"column":10}},"loc":{"start":{"line":2,"column":41},"end":{"line":6,"column":3}},"line":2},"2":{"name":"fixedOff","decl":{"start":{"line":9,"column":9},"end":{"line":9,"column":17}},"loc":{"start":{"line":9,"column":56},"end":{"line":15,"column":1}},"line":9},"3":{"name":"(anonymous_3)","decl":{"start":{"line":10,"column":9},"end":{"line":10,"column":10}},"loc":{"start":{"line":10,"column":41},"end":{"line":14,"column":3}},"line":10}},"branchMap":{"0":{"loc":{"start":{"line":1,"column":32},"end":{"line":1,"column":61}},"type":"default-arg","locations":[{"start":{"line":1,"column":59},"end":{"line":1,"column":61}}],"line":1},"1":{"loc":{"start":{"line":2,"column":20},"end":{"line":2,"column":36}},"type":"default-arg","locations":[{"start":{"line":2,"column":26},"end":{"line":2,"column":36}}],"line":2},"2":{"loc":{"start":{"line":3,"column":4},"end":{"line":3,"column":47}},"type":"if","locations":[{"start":{"line":3,"column":4},"end":{"line":3,"column":47}},{"start":{},"end":{}}],"line":3},"3":{"loc":{"start":{"line":3,"column":8},"end":{"line":3,"column":36}},"type":"binary-expr","locations":[{"start":{"line":3,"column":8},"end":{"line":3,"column":17}},{"start":{"line":3,"column":21},"end":{"line":3,"column":36}}],"line":3},"4":{"loc":{"start":{"line":4,"column":4},"end":{"line":4,"column":52}},"type":"if","locations":[{"start":{"line":4,"column":4},"end":{"line":4,"column":52}},{"start":{},"end":{}}],"line":4},"5":{"loc":{"start":{"line":4,"column":8},"end":{"line":4,"column":41}},"type":"binary-expr","locations":[{"start":{"line":4,"column":8},"end":{"line":4,"column":17}},{"start":{"line":4,"column":21},"end":{"line":4,"column":41}}],"line":4},"6":{"loc":{"start":{"line":9,"column":25},"end":{"line":9,"column":54}},"type":"default-arg","locations":[{"start":{"line":9,"column":52},"end":{"line":9,"column":54}}],"line":9},"7":{"loc":{"start":{"line":10,"column":20},"end":{"line":10,"column":36}},"type":"default-arg","locations":[{"start":{"line":10,"column":26},"end":{"line":10,"column":36}}],"line":10},"8":{"loc":{"start":{"line":11,"column":4},"end":{"line":11,"column":47}},"type":"if","locations":[{"start":{"line":11,"column":4},"end":{"line":11,"column":47}},{"start":{},"end":{}}],"line":11},"9":{"loc":{"start":{"line":11,"column":8},"end":{"line":11,"column":36}},"type":"binary-expr","locations":[{"start":{"line":11,"column":8},"end":{"line":11,"column":17}},{"start":{"line":11,"column":21},"end":{"line":11,"column":36}}],"line":11},"10":{"loc":{"start":{"line":12,"column":4},"end":{"line":12,"column":52}},"type":"if","locations":[{"start":{"line":12,"column":4},"end":{"line":12,"column":52}},{"start":{},"end":{}}],"line":12},"11":{"loc":{"start":{"line":12,"column":8},"end":{"line":12,"column":41}},"type":"binary-expr","locations":[{"start":{"line":12,"column":8},"end":{"line":12,"column":17}},{"start":{"line":12,"column":21},"end":{"line":12,"column":41}}],"line":12}},"s":{"0":3,"1":3,"2":1,"3":2,"4":1,"5":1,"6":3,"7":3,"8":1,"9":2,"10":1,"11":1,"12":1},"f":{"0":3,"1":3,"2":3,"3":3},"b":{"0":[1],"1":[3],"2":[1,2],"3":[3,1],"4":[1,1],"5":[2,1],"6":[1],"7":[3],"8":[1,2],"9":[3,1],"10":[1,1],"11":[2,1]},"_coverageSchema":"1a1c01bbd47fc00a2c39e90264f33305004495a9","hash":"01ea847575286db806a59305c15f2e2ad4936fd1"}
,"C:\\dev\\3WA\\tdd\\src\\vat.js": {"path":"C:\\dev\\3WA\\tdd\\src\\vat.js","statementMap":{"0":{"start":{"line":1,"column":24},"end":{"line":1,"column":27}},"1":{"start":{"line":4,"column":14},"end":{"line":4,"column":40}},"2":{"start":{"line":5,"column":14},"end":{"line":5,"column":28}},"3":{"start":{"line":6,"column":2},"end":{"line":6,"column":53}},"4":{"start":{"line":9,"column":0},"end":{"line":9,"column":49}}},"fnMap":{"0":{"name":"computeVAT","decl":{"start":{"line":3,"column":9},"end":{"line":3,"column":19}},"loc":{"start":{"line":3,"column":30},"end":{"line":7,"column":1}},"line":3}},"branchMap":{},"s":{"0":5,"1":9,"2":9,"3":9,"4":5},"f":{"0":9},"b":{},"_coverageSchema":"1a1c01bbd47fc00a2c39e90264f33305004495a9","hash":"cae6c1430e38deaaf6f00178a17ffd0c2522fae3"}
,"C:\\dev\\3WA\\tdd\\src\\services\\cartService.js": {"path":"C:\\dev\\3WA\\tdd\\src\\services\\cartService.js","statementMap":{"0":{"start":{"line":1,"column":13},"end":{"line":1,"column":31}},"1":{"start":{"line":2,"column":21},"end":{"line":2,"column":46}},"2":{"start":{"line":3,"column":28},"end":{"line":3,"column":60}},"3":{"start":{"line":11,"column":4},"end":{"line":11,"column":35}},"4":{"start":{"line":12,"column":4},"end":{"line":12,"column":37}},"5":{"start":{"line":13,"column":4},"end":{"line":13,"column":27}},"6":{"start":{"line":17,"column":20},"end":{"line":17,"column":55}},"7":{"start":{"line":18,"column":4},"end":{"line":18,"column":53}},"8":{"start":{"line":18,"column":18},"end":{"line":18,"column":53}},"9":{"start":{"line":20,"column":4},"end":{"line":21,"column":59}},"10":{"start":{"line":21,"column":6},"end":{"line":21,"column":59}},"11":{"start":{"line":23,"column":4},"end":{"line":26,"column":6}},"12":{"start":{"line":30,"column":4},"end":{"line":33,"column":5}},"13":{"start":{"line":31,"column":6},"end":{"line":32,"column":61}},"14":{"start":{"line":32,"column":8},"end":{"line":32,"column":61}},"15":{"start":{"line":35,"column":4},"end":{"line":37,"column":5}},"16":{"start":{"line":36,"column":6},"end":{"line":36,"column":55}},"17":{"start":{"line":39,"column":18},"end":{"line":39,"column":36}},"18":{"start":{"line":40,"column":4},"end":{"line":40,"column":64}},"19":{"start":{"line":41,"column":4},"end":{"line":41,"column":28}},"20":{"start":{"line":42,"column":4},"end":{"line":42,"column":17}},"21":{"start":{"line":46,"column":18},"end":{"line":53,"column":5}},"22":{"start":{"line":47,"column":34},"end":{"line":52,"column":7}},"23":{"start":{"line":54,"column":19},"end":{"line":54,"column":37}},"24":{"start":{"line":55,"column":4},"end":{"line":55,"column":66}},"25":{"start":{"line":58,"column":0},"end":{"line":58,"column":29}}},"fnMap":{"0":{"name":"(anonymous_0)","decl":{"start":{"line":10,"column":2},"end":{"line":10,"column":3}},"loc":{"start":{"line":10,"column":41},"end":{"line":14,"column":3}},"line":10},"1":{"name":"(anonymous_1)","decl":{"start":{"line":16,"column":2},"end":{"line":16,"column":3}},"loc":{"start":{"line":16,"column":31},"end":{"line":27,"column":3}},"line":16},"2":{"name":"(anonymous_2)","decl":{"start":{"line":29,"column":2},"end":{"line":29,"column":3}},"loc":{"start":{"line":29,"column":24},"end":{"line":43,"column":3}},"line":29},"3":{"name":"(anonymous_3)","decl":{"start":{"line":45,"column":2},"end":{"line":45,"column":3}},"loc":{"start":{"line":45,"column":16},"end":{"line":56,"column":3}},"line":45},"4":{"name":"(anonymous_4)","decl":{"start":{"line":47,"column":6},"end":{"line":47,"column":7}},"loc":{"start":{"line":47,"column":34},"end":{"line":52,"column":7}},"line":47}},"branchMap":{"0":{"loc":{"start":{"line":16,"column":17},"end":{"line":16,"column":29}},"type":"default-arg","locations":[{"start":{"line":16,"column":28},"end":{"line":16,"column":29}}],"line":16},"1":{"loc":{"start":{"line":18,"column":4},"end":{"line":18,"column":53}},"type":"if","locations":[{"start":{"line":18,"column":4},"end":{"line":18,"column":53}},{"start":{},"end":{}}],"line":18},"2":{"loc":{"start":{"line":20,"column":4},"end":{"line":21,"column":59}},"type":"if","locations":[{"start":{"line":20,"column":4},"end":{"line":21,"column":59}},{"start":{},"end":{}}],"line":20},"3":{"loc":{"start":{"line":31,"column":6},"end":{"line":32,"column":61}},"type":"if","locations":[{"start":{"line":31,"column":6},"end":{"line":32,"column":61}},{"start":{},"end":{}}],"line":31}},"s":{"0":1,"1":1,"2":1,"3":5,"4":5,"5":5,"6":5,"7":5,"8":1,"9":4,"10":1,"11":3,"12":2,"13":2,"14":1,"15":1,"16":1,"17":1,"18":1,"19":1,"20":1,"21":1,"22":1,"23":1,"24":1,"25":1},"f":{"0":5,"1":5,"2":2,"3":1,"4":1},"b":{"0":[0],"1":[1,4],"2":[1,3],"3":[1,1]},"_coverageSchema":"1a1c01bbd47fc00a2c39e90264f33305004495a9","hash":"cf1e50edfadf1814bc1481c7b46f63615db00c23"}
,"C:\\dev\\3WA\\tdd\\src\\services\\emailService.js": {"path":"C:\\dev\\3WA\\tdd\\src\\services\\emailService.js","statementMap":{"0":{"start":{"line":5,"column":0},"end":{"line":5,"column":30}}},"fnMap":{"0":{"name":"(anonymous_0)","decl":{"start":{"line":2,"column":2},"end":{"line":2,"column":3}},"loc":{"start":{"line":2,"column":41},"end":{"line":2,"column":43}},"line":2}},"branchMap":{},"s":{"0":1},"f":{"0":0},"b":{},"_coverageSchema":"1a1c01bbd47fc00a2c39e90264f33305004495a9","hash":"079e278163010eb75fbd4973c9acf62d8a411bda"}
,"C:\\dev\\3WA\\tdd\\src\\services\\inMemoryProductRepo.js": {"path":"C:\\dev\\3WA\\tdd\\src\\services\\inMemoryProductRepo.js","statementMap":{"0":{"start":{"line":3,"column":4},"end":{"line":3,"column":78}},"1":{"start":{"line":3,"column":47},"end":{"line":3,"column":75}},"2":{"start":{"line":7,"column":4},"end":{"line":7,"column":38}},"3":{"start":{"line":11,"column":20},"end":{"line":11,"column":36}},"4":{"start":{"line":12,"column":4},"end":{"line":12,"column":61}},"5":{"start":{"line":12,"column":18},"end":{"line":12,"column":61}},"6":{"start":{"line":14,"column":4},"end":{"line":14,"column":37}},"7":{"start":{"line":18,"column":20},"end":{"line":18,"column":36}},"8":{"start":{"line":19,"column":4},"end":{"line":19,"column":61}},"9":{"start":{"line":19,"column":18},"end":{"line":19,"column":61}},"10":{"start":{"line":20,"column":4},"end":{"line":21,"column":59}},"11":{"start":{"line":21,"column":6},"end":{"line":21,"column":59}},"12":{"start":{"line":22,"column":4},"end":{"line":22,"column":30}},"13":{"start":{"line":26,"column":0},"end":{"line":26,"column":37}}},"fnMap":{"0":{"name":"(anonymous_0)","decl":{"start":{"line":2,"column":2},"end":{"line":2,"column":3}},"loc":{"start":{"line":2,"column":25},"end":{"line":4,"column":3}},"line":2},"1":{"name":"(anonymous_1)","decl":{"start":{"line":3,"column":34},"end":{"line":3,"column":35}},"loc":{"start":{"line":3,"column":47},"end":{"line":3,"column":75}},"line":3},"2":{"name":"(anonymous_2)","decl":{"start":{"line":6,"column":2},"end":{"line":6,"column":3}},"loc":{"start":{"line":6,"column":14},"end":{"line":8,"column":3}},"line":6},"3":{"name":"(anonymous_3)","decl":{"start":{"line":10,"column":2},"end":{"line":10,"column":3}},"loc":{"start":{"line":10,"column":25},"end":{"line":15,"column":3}},"line":10},"4":{"name":"(anonymous_4)","decl":{"start":{"line":17,"column":2},"end":{"line":17,"column":3}},"loc":{"start":{"line":17,"column":26},"end":{"line":23,"column":3}},"line":17}},"branchMap":{"0":{"loc":{"start":{"line":2,"column":14},"end":{"line":2,"column":23}},"type":"default-arg","locations":[{"start":{"line":2,"column":21},"end":{"line":2,"column":23}}],"line":2},"1":{"loc":{"start":{"line":7,"column":11},"end":{"line":7,"column":37}},"type":"binary-expr","locations":[{"start":{"line":7,"column":11},"end":{"line":7,"column":29}},{"start":{"line":7,"column":33},"end":{"line":7,"column":37}}],"line":7},"2":{"loc":{"start":{"line":12,"column":4},"end":{"line":12,"column":61}},"type":"if","locations":[{"start":{"line":12,"column":4},"end":{"line":12,"column":61}},{"start":{},"end":{}}],"line":12},"3":{"loc":{"start":{"line":19,"column":4},"end":{"line":19,"column":61}},"type":"if","locations":[{"start":{"line":19,"column":4},"end":{"line":19,"column":61}},{"start":{},"end":{}}],"line":19},"4":{"loc":{"start":{"line":20,"column":4},"end":{"line":21,"column":59}},"type":"if","locations":[{"start":{"line":20,"column":4},"end":{"line":21,"column":59}},{"start":{},"end":{}}],"line":20}},"s":{"0":5,"1":5,"2":14,"3":6,"4":6,"5":0,"6":6,"7":2,"8":2,"9":0,"10":2,"11":0,"12":2,"13":1},"f":{"0":5,"1":5,"2":14,"3":6,"4":2},"b":{"0":[0],"1":[14,1],"2":[0,6],"3":[0,2],"4":[0,2]},"_coverageSchema":"1a1c01bbd47fc00a2c39e90264f33305004495a9","hash":"4136f09bb0340216c86f128c06641e71fedf1c60"}
}
