TN:
SF:src\cart.js
FN:4,(anonymous_0)
FN:11,(anonymous_1)
FN:23,(anonymous_2)
FN:33,(anonymous_3)
FN:38,(anonymous_4)
FN:41,(anonymous_5)
FN:49,(anonymous_6)
FN:51,(anonymous_7)
FNF:8
FNH:8
FNDA:13,(anonymous_0)
FNDA:15,(anonymous_1)
FNDA:2,(anonymous_2)
FNDA:1,(anonymous_3)
FNDA:7,(anonymous_4)
FNDA:6,(anonymous_5)
FNDA:16,(anonymous_6)
FNDA:7,(anonymous_7)
DA:1,4
DA:5,13
DA:6,13
DA:7,13
DA:8,13
DA:12,15
DA:13,15
DA:14,1
DA:16,14
DA:17,14
DA:18,14
DA:19,14
DA:20,14
DA:24,2
DA:25,2
DA:26,2
DA:28,1
DA:29,1
DA:30,1
DA:34,1
DA:35,1
DA:39,7
DA:40,7
DA:41,6
DA:44,7
DA:45,7
DA:46,7
DA:52,7
DA:53,7
DA:54,8
DA:56,7
DA:59,4
LF:32
LH:32
BRDA:11,0,0,0
BRDA:12,1,0,0
BRDA:12,1,1,15
BRDA:13,2,0,1
BRDA:13,2,1,14
BRDA:13,3,0,15
BRDA:13,3,1,15
BRDA:18,4,0,14
BRDA:18,4,1,13
BRDA:24,5,0,0
BRDA:24,5,1,2
BRDA:25,6,0,0
BRDA:25,6,1,2
BRDA:26,7,0,1
BRDA:26,7,1,1
BRDA:38,8,0,1
BRF:16
BRH:12
end_of_record
TN:
SF:src\discounts.js
FN:1,percentOff
FN:2,(anonymous_1)
FN:9,fixedOff
FN:10,(anonymous_3)
FNF:4
FNH:4
FNDA:3,percentOff
FNDA:3,(anonymous_1)
FNDA:3,fixedOff
FNDA:3,(anonymous_3)
DA:2,3
DA:3,3
DA:4,2
DA:5,1
DA:10,3
DA:11,3
DA:12,2
DA:13,1
DA:16,1
LF:9
LH:9
BRDA:1,0,0,1
BRDA:2,1,0,3
BRDA:3,2,0,1
BRDA:3,2,1,2
BRDA:3,3,0,3
BRDA:3,3,1,1
BRDA:4,4,0,1
BRDA:4,4,1,1
BRDA:4,5,0,2
BRDA:4,5,1,1
BRDA:9,6,0,1
BRDA:10,7,0,3
BRDA:11,8,0,1
BRDA:11,8,1,2
BRDA:11,9,0,3
BRDA:11,9,1,1
BRDA:12,10,0,1
BRDA:12,10,1,1
BRDA:12,11,0,2
BRDA:12,11,1,1
BRF:20
BRH:20
end_of_record
TN:
SF:src\vat.js
FN:3,computeVAT
FNF:1
FNH:1
FNDA:8,computeVAT
DA:1,4
DA:4,8
DA:5,8
DA:6,8
DA:9,4
LF:5
LH:5
BRF:0
BRH:0
end_of_record
