TN:
SF:src\cart.js
FN:4,(anonymous_0)
FN:12,(anonymous_1)
FN:24,(anonymous_2)
FN:34,(anonymous_3)
FN:39,(anonymous_4)
FN:42,(anonymous_5)
FN:50,(anonymous_6)
FN:54,(anonymous_7)
FN:59,(anonymous_8)
FN:67,(anonymous_9)
FNF:10
FNH:10
FNDA:21,(anonymous_0)
FNDA:21,(anonymous_1)
FNDA:4,(anonymous_2)
FNDA:1,(anonymous_3)
FNDA:8,(anonymous_4)
FNDA:6,(anonymous_5)
FNDA:22,(anonymous_6)
FNDA:1,(anonymous_7)
FNDA:8,(anonymous_8)
FNDA:1,(anonymous_9)
DA:1,6
DA:5,21
DA:6,21
DA:7,21
DA:8,21
DA:9,21
DA:13,21
DA:14,20
DA:15,1
DA:17,19
DA:18,19
DA:19,19
DA:20,19
DA:21,19
DA:25,4
DA:26,3
DA:27,3
DA:29,2
DA:30,2
DA:31,2
DA:35,1
DA:36,1
DA:40,8
DA:41,8
DA:42,6
DA:45,8
DA:46,8
DA:47,8
DA:51,22
DA:52,22
DA:53,22
DA:54,1
DA:60,8
DA:61,8
DA:62,9
DA:64,8
DA:68,1
DA:71,6
LF:38
LH:38
BRDA:12,0,0,0
BRDA:13,1,0,1
BRDA:13,1,1,20
BRDA:14,2,0,1
BRDA:14,2,1,19
BRDA:14,3,0,20
BRDA:14,3,1,20
BRDA:19,4,0,19
BRDA:19,4,1,18
BRDA:25,5,0,1
BRDA:25,5,1,3
BRDA:26,6,0,0
BRDA:26,6,1,3
BRDA:27,7,0,1
BRDA:27,7,1,2
BRDA:39,8,0,2
BRDA:52,9,0,6
BRDA:52,9,1,16
BRF:18
BRH:16
end_of_record
TN:
SF:src\discounts.js
FN:1,percentOff
FN:2,(anonymous_1)
FN:9,fixedOff
FN:10,(anonymous_3)
FNF:4
FNH:4
FNDA:3,percentOff
FNDA:3,(anonymous_1)
FNDA:3,fixedOff
FNDA:3,(anonymous_3)
DA:2,3
DA:3,3
DA:4,2
DA:5,1
DA:10,3
DA:11,3
DA:12,2
DA:13,1
DA:16,1
LF:9
LH:9
BRDA:1,0,0,1
BRDA:2,1,0,3
BRDA:3,2,0,1
BRDA:3,2,1,2
BRDA:3,3,0,3
BRDA:3,3,1,1
BRDA:4,4,0,1
BRDA:4,4,1,1
BRDA:4,5,0,2
BRDA:4,5,1,1
BRDA:9,6,0,1
BRDA:10,7,0,3
BRDA:11,8,0,1
BRDA:11,8,1,2
BRDA:11,9,0,3
BRDA:11,9,1,1
BRDA:12,10,0,1
BRDA:12,10,1,1
BRDA:12,11,0,2
BRDA:12,11,1,1
BRF:20
BRH:20
end_of_record
TN:
SF:src\vat.js
FN:3,computeVAT
FNF:1
FNH:1
FNDA:9,computeVAT
DA:1,6
DA:4,9
DA:5,9
DA:6,9
DA:9,6
LF:5
LH:5
BRF:0
BRH:0
end_of_record
TN:
SF:src\services\cartService.js
FN:10,(anonymous_0)
FN:16,(anonymous_1)
FN:29,(anonymous_2)
FN:45,(anonymous_3)
FN:47,(anonymous_4)
FNF:5
FNH:5
FNDA:5,(anonymous_0)
FNDA:5,(anonymous_1)
FNDA:2,(anonymous_2)
FNDA:1,(anonymous_3)
FNDA:1,(anonymous_4)
DA:1,1
DA:2,1
DA:3,1
DA:11,5
DA:12,5
DA:13,5
DA:17,5
DA:18,5
DA:20,4
DA:21,1
DA:23,3
DA:30,2
DA:31,2
DA:32,1
DA:35,1
DA:36,1
DA:39,1
DA:40,1
DA:41,1
DA:42,1
DA:46,1
DA:47,1
DA:54,1
DA:55,1
DA:58,1
LF:25
LH:25
BRDA:16,0,0,0
BRDA:18,1,0,1
BRDA:18,1,1,4
BRDA:20,2,0,1
BRDA:20,2,1,3
BRDA:31,3,0,1
BRDA:31,3,1,1
BRF:7
BRH:6
end_of_record
TN:
SF:src\services\emailService.js
FN:2,(anonymous_0)
FNF:1
FNH:0
FNDA:0,(anonymous_0)
DA:5,1
LF:1
LH:1
BRF:0
BRH:0
end_of_record
TN:
SF:src\services\inMemoryProductRepo.js
FN:2,(anonymous_0)
FN:3,(anonymous_1)
FN:6,(anonymous_2)
FN:10,(anonymous_3)
FN:17,(anonymous_4)
FNF:5
FNH:5
FNDA:5,(anonymous_0)
FNDA:5,(anonymous_1)
FNDA:14,(anonymous_2)
FNDA:6,(anonymous_3)
FNDA:2,(anonymous_4)
DA:3,5
DA:7,14
DA:11,6
DA:12,6
DA:14,6
DA:18,2
DA:19,2
DA:20,2
DA:21,0
DA:22,2
DA:26,1
LF:11
LH:10
BRDA:2,0,0,0
BRDA:7,1,0,14
BRDA:7,1,1,1
BRDA:12,2,0,0
BRDA:12,2,1,6
BRDA:19,3,0,0
BRDA:19,3,1,2
BRDA:20,4,0,0
BRDA:20,4,1,2
BRF:9
BRH:5
end_of_record
